<?xml version="1.0" encoding="UTF-8"?>
<!-- Generated by org.testng.reporters.JUnitReportReporter -->
<testsuite hostname="LAPTOP-536DDDD7" failures="0" tests="1" name="VariousConcepts.LearnTestNG" time="24.014" errors="0" timestamp="2021-06-27T22:12:37 CDT" skipped="0">
  <testcase classname="VariousConcepts.LearnTestNG" name="learnTestNG" time="24.014"/>
  <system-out/>
</testsuite> <!-- VariousConcepts.LearnTestNG -->
